<?xml version="1.0" encoding="UTF-8"?>
<!-- Generated by org.testng.reporters.JUnitXMLReporter -->
<testsuite hostname="AppledeMacBook-Pro.local" ignored="3" name="Default test" tests="1" failures="0" timestamp="17 Sep 2019 00:51:05 GMT" time="0.041" errors="0">
  <testcase name="testList4" time="0.014" classname="com.test.TestMap"/>
  <testcase name="testList3" time="0.0" classname="com.test.TestMap">
    <ignored/>
  </testcase> <!-- testList3 -->
  <testcase name="testList2" time="0.0" classname="com.test.TestMap">
    <ignored/>
  </testcase> <!-- testList2 -->
  <testcase name="testList1" time="0.0" classname="com.test.TestMap">
    <ignored/>
  </testcase> <!-- testList1 -->
</testsuite> <!-- Default test -->
