<?xml version="1.0" encoding="UTF-8"?>
<!-- Generated by org.testng.reporters.JUnitXMLReporter -->
<testsuite hostname="bogon" ignored="4" name="Default test" tests="1" failures="0" timestamp="16 Sep 2019 01:17:31 GMT" time="0.04" errors="0">
  <testcase name="testList5" time="0.013" classname="com.test.TestList"/>
  <testcase name="testList1" time="0.0" classname="com.test.TestList">
    <ignored/>
  </testcase> <!-- testList1 -->
  <testcase name="testList2" time="0.0" classname="com.test.TestList">
    <ignored/>
  </testcase> <!-- testList2 -->
  <testcase name="testList3" time="0.0" classname="com.test.TestList">
    <ignored/>
  </testcase> <!-- testList3 -->
  <testcase name="testList4" time="0.0" classname="com.test.TestList">
    <ignored/>
  </testcase> <!-- testList4 -->
</testsuite> <!-- Default test -->
