<?xml version="1.0" encoding="UTF-8"?>
<testng-results skipped="0" failed="0" ignored="0" total="1" passed="1">
  <reporter-output>
  </reporter-output>
  <suite name="Default suite" duration-ms="130" started-at="2019-08-29T23:42:55Z" finished-at="2019-08-29T23:42:55Z">
    <groups>
    </groups>
    <test name="Default test" duration-ms="130" started-at="2019-08-29T23:42:55Z" finished-at="2019-08-29T23:42:55Z">
      <class name="com.testgit.TestGit">
        <test-method status="PASS" signature="testGit1()[pri:0, instance:com.testgit.TestGit@13a57a3b]" name="testGit1" duration-ms="23" started-at="2019-08-30T07:42:55Z" finished-at="2019-08-30T07:42:55Z">
          <reporter-output>
          </reporter-output>
        </test-method> <!-- testGit1 -->
      </class> <!-- com.testgit.TestGit -->
    </test> <!-- Default test -->
  </suite> <!-- Default suite -->
</testng-results>
