<?xml version="1.0" encoding="UTF-8"?>
<testng-results skipped="0" failed="0" ignored="4" total="5" passed="1">
  <reporter-output>
  </reporter-output>
  <suite name="Default suite" duration-ms="40" started-at="2019-09-16T01:17:31Z" finished-at="2019-09-16T01:17:31Z">
    <groups>
    </groups>
    <test name="Default test" duration-ms="40" started-at="2019-09-16T01:17:31Z" finished-at="2019-09-16T01:17:31Z">
      <class name="com.test.TestList">
        <test-method status="PASS" signature="testList5()[pri:0, instance:com.test.TestList@61a485d2]" name="testList5" duration-ms="13" started-at="2019-09-16T09:17:31Z" finished-at="2019-09-16T09:17:31Z">
          <reporter-output>
          </reporter-output>
        </test-method> <!-- testList5 -->
      </class> <!-- com.test.TestList -->
    </test> <!-- Default test -->
  </suite> <!-- Default suite -->
</testng-results>
